<?xml version="1.0" encoding="UTF-8"?>
<!-- Generated by org.testng.reporters.JUnitReportReporter -->
<testsuite skipped="0" hostname="ZLDEL159" name="HerokuApp.Heroku.Test.DynamicLoadingTest" tests="2" failures="0" timestamp="06 Jul 2020 17:02:08 GMT" time="45.976" errors="0">
  <testcase name="verifyDynamicLoading2" time="36.455" classname="HerokuApp.Heroku.Test.DynamicLoadingTest"/>
  <testcase name="verifyDynamicLoading" time="9.521" classname="HerokuApp.Heroku.Test.DynamicLoadingTest"/>
</testsuite> <!-- HerokuApp.Heroku.Test.DynamicLoadingTest -->
