<?xml version="1.0" encoding="UTF-8"?>
<!-- Generated by org.testng.reporters.JUnitReportReporter -->
<testsuite skipped="0" hostname="ZLDEL159" name="HerokuApp.Heroku.ContextMenuTest" tests="1" failures="0" timestamp="14 Jun 2020 19:24:41 GMT" time="14.390" errors="0">
  <testcase name="verifyContextMenu" time="14.390" classname="HerokuApp.Heroku.ContextMenuTest"/>
</testsuite> <!-- HerokuApp.Heroku.ContextMenuTest -->
