<?xml version="1.0" encoding="UTF-8"?>
<!-- Generated by org.testng.reporters.JUnitReportReporter -->
<testsuite skipped="0" hostname="ZLDEL159" name="HeorkuApp.Heroku.FirstTest" tests="1" failures="0" timestamp="08 Jun 2020 05:08:34 GMT" time="273.586" errors="0">
  <testcase name="check" time="273.586" classname="HeorkuApp.Heroku.FirstTest"/>
</testsuite> <!-- HeorkuApp.Heroku.FirstTest -->
