<?xml version="1.0" encoding="UTF-8"?>
<!-- Generated by org.testng.reporters.JUnitReportReporter -->
<testsuite skipped="0" hostname="ZLDEL159" name="HerokuApp.Heroku.Test.FindBrokenImagesTest" tests="1" failures="0" timestamp="11 Jul 2020 16:02:26 GMT" time="8.520" errors="0">
  <testcase name="verifyFindBrokenIamges" time="8.520" classname="HerokuApp.Heroku.Test.FindBrokenImagesTest"/>
</testsuite> <!-- HerokuApp.Heroku.Test.FindBrokenImagesTest -->
