<?xml version="1.0" encoding="UTF-8"?>
<!-- Generated by org.testng.reporters.JUnitReportReporter -->
<testsuite skipped="0" hostname="ZLDEL159" name="HerokuApp.Heroku.HorizontalSliderTest" tests="1" failures="0" timestamp="14 Jun 2020 19:24:41 GMT" time="17.528" errors="0">
  <testcase name="verifyHorizontalSlider" time="17.528" classname="HerokuApp.Heroku.HorizontalSliderTest"/>
</testsuite> <!-- HerokuApp.Heroku.HorizontalSliderTest -->
