<?xml version="1.0" encoding="UTF-8"?>
<!-- Generated by org.testng.reporters.JUnitReportReporter -->
<testsuite hostname="DOCQIN150" failures="0" tests="1" name="Pooja.UserDropDownTest" time="0.007" errors="0" timestamp="2022-11-20T01:16:49 IST" skipped="0">
  <testcase classname="Pooja.UserDropDownTest" name="tset1" time="0.007"/>
  <system-out/>
</testsuite> <!-- Pooja.UserDropDownTest -->
