<?xml version="1.0" encoding="UTF-8"?>
<!-- Generated by org.testng.reporters.JUnitReportReporter -->
<testsuite skipped="0" hostname="ZLDEL159" name="HerokuApp.Heroku.Test.InputsTest" tests="1" failures="0" timestamp="11 Jul 2020 15:16:19 GMT" time="4.732" errors="0">
  <testcase name="verifyNumerixcField" time="4.732" classname="HerokuApp.Heroku.Test.InputsTest"/>
</testsuite> <!-- HerokuApp.Heroku.Test.InputsTest -->
