<?xml version="1.0" encoding="UTF-8"?>
<!-- Generated by org.testng.reporters.JUnitReportReporter -->
<testsuite skipped="0" hostname="ZLDEL159" name="HerokuApp.Heroku.Test.ParameterTest" tests="1" failures="0" timestamp="11 Jul 2020 16:18:35 GMT" time="0.002" errors="0">
  <testcase name="verifyParameter" time="0.002" classname="HerokuApp.Heroku.Test.ParameterTest"/>
</testsuite> <!-- HerokuApp.Heroku.Test.ParameterTest -->
