<?xml version="1.0" encoding="UTF-8"?>
<!-- Generated by org.testng.reporters.JUnitReportReporter -->
<testsuite skipped="0" hostname="ZLDEL159" name="HerokuApp.Heroku.Test.JSAlertsTest" tests="4" failures="0" timestamp="11 Jul 2020 15:16:19 GMT" time="10.246" errors="0">
  <testcase name="verifyJSAlert" time="1.114" classname="HerokuApp.Heroku.Test.JSAlertsTest"/>
  <testcase name="CancelJSAlert" time="4.983" classname="HerokuApp.Heroku.Test.JSAlertsTest"/>
  <testcase name="verifyJSPrompt" time="3.112" classname="HerokuApp.Heroku.Test.JSAlertsTest"/>
  <testcase name="verifyJSConfirm" time="1.037" classname="HerokuApp.Heroku.Test.JSAlertsTest"/>
</testsuite> <!-- HerokuApp.Heroku.Test.JSAlertsTest -->
