<?xml version="1.0" encoding="UTF-8"?>
<!-- Generated by org.testng.reporters.JUnitReportReporter -->
<testsuite skipped="0" hostname="ZLDEL159" name="HerokuApp.Heroku.Test.DynamicContentTest" tests="2" failures="0" timestamp="06 Jul 2020 17:02:08 GMT" time="12.271" errors="0">
  <testcase name="verifyDynamicControlsCheckbox" time="4.551" classname="HerokuApp.Heroku.Test.DynamicContentTest"/>
  <testcase name="verifyDynamicControlsButton" time="7.720" classname="HerokuApp.Heroku.Test.DynamicContentTest"/>
</testsuite> <!-- HerokuApp.Heroku.Test.DynamicContentTest -->
