<?xml version="1.0" encoding="UTF-8"?>
<!-- Generated by org.testng.reporters.JUnitReportReporter -->
<testsuite skipped="0" hostname="ZLDEL159" name="HerokuApp.Heroku.Test.EntryAdTest" tests="1" failures="0" timestamp="06 Jul 2020 17:02:08 GMT" time="8.045" errors="0">
  <testcase name="verifyEntyrAdTest" time="8.045" classname="HerokuApp.Heroku.Test.EntryAdTest"/>
</testsuite> <!-- HerokuApp.Heroku.Test.EntryAdTest -->
