<?xml version="1.0" encoding="UTF-8"?>
<!-- Generated by org.testng.reporters.JUnitReportReporter -->
<testsuite skipped="0" hostname="LAPTOP-0NDCPAC9" name="HerokuApp.Heroku.Test.Flow1Test" tests="1" failures="0" timestamp="2022-05-22T20:33:00 IST" time="8.798" errors="0">
  <testcase name="verifySortByGuestList" time="8.798" classname="HerokuApp.Heroku.Test.Flow1Test"/>
  <system-out/>
</testsuite> <!-- HerokuApp.Heroku.Test.Flow1Test -->
