<?xml version="1.0" encoding="UTF-8"?>
<!-- Generated by org.testng.reporters.JUnitReportReporter -->
<testsuite skipped="2" hostname="ZLDEL159" name="HerokuApp.Heroku.Test.ForgotPasswordTest" tests="3" failures="0" timestamp="06 Jul 2020 17:02:08 GMT" time="6.340" errors="1">
  <testcase name="verifyForgotPasswordEmailTry" time="1.652" classname="HerokuApp.Heroku.Test.ForgotPasswordTest">
    <skipped/>
  </testcase> <!-- verifyForgotPasswordEmailTry -->
  <testcase name="verifyForgotPasswordEmailTry" time="1.667" classname="HerokuApp.Heroku.Test.ForgotPasswordTest">
    <error type="java.lang.RuntimeException" message="java.lang.IllegalArgumentException: Illegal base64 character 5f">
      <![CDATA[java.lang.RuntimeException: java.lang.IllegalArgumentException: Illegal base64 character 5f
at HerokuApp.Heroku.TestUtils.GmailUtilities.getGmailData(GmailUtilities.java:145)
at HerokuApp.Heroku.Test.ForgotPasswordTest.verifyForgotPasswordEmailTry(ForgotPasswordTest.java:55)
at sun.reflect.NativeMethodAccessorImpl.invoke0(Native Method)
at sun.reflect.NativeMethodAccessorImpl.invoke(NativeMethodAccessorImpl.java:62)
at sun.reflect.DelegatingMethodAccessorImpl.invoke(DelegatingMethodAccessorImpl.java:43)
at java.lang.reflect.Method.invoke(Method.java:498)
at org.testng.internal.MethodInvocationHelper.invokeMethod(MethodInvocationHelper.java:124)
at org.testng.internal.Invoker.invokeMethod(Invoker.java:583)
at org.testng.internal.Invoker.retryFailed(Invoker.java:839)
at org.testng.internal.Invoker.invokeTestMethods(Invoker.java:1010)
at org.testng.internal.TestMethodWorker.invokeTestMethods(TestMethodWorker.java:125)
at org.testng.internal.TestMethodWorker.run(TestMethodWorker.java:109)
at org.testng.TestRunner.privateRun(TestRunner.java:648)
at org.testng.TestRunner.run(TestRunner.java:505)
at org.testng.SuiteRunner.runTest(SuiteRunner.java:455)
at org.testng.SuiteRunner.runSequentially(SuiteRunner.java:450)
at org.testng.SuiteRunner.privateRun(SuiteRunner.java:415)
at org.testng.SuiteRunner.run(SuiteRunner.java:364)
at org.testng.SuiteRunnerWorker.runSuite(SuiteRunnerWorker.java:52)
at org.testng.SuiteRunnerWorker.run(SuiteRunnerWorker.java:84)
at org.testng.TestNG.runSuitesSequentially(TestNG.java:1208)
at org.testng.TestNG.runSuitesLocally(TestNG.java:1137)
at org.testng.TestNG.runSuites(TestNG.java:1049)
at org.testng.TestNG.run(TestNG.java:1017)
at org.testng.remote.AbstractRemoteTestNG.run(AbstractRemoteTestNG.java:115)
at org.testng.remote.RemoteTestNG.initAndRun(RemoteTestNG.java:251)
at org.testng.remote.RemoteTestNG.main(RemoteTestNG.java:77)
Caused by: java.lang.IllegalArgumentException: Illegal base64 character 5f
at java.util.Base64$Decoder.decode0(Base64.java:714)
at java.util.Base64$Decoder.decode(Base64.java:526)
at java.util.Base64$Decoder.decode(Base64.java:549)
at HerokuApp.Heroku.TestUtils.GmailUtilities.getGmailData(GmailUtilities.java:125)
... 26 more
]]>
    </error>
  </testcase> <!-- verifyForgotPasswordEmailTry -->
  <testcase name="verifyForgotPasswordEmailTry" time="3.021" classname="HerokuApp.Heroku.Test.ForgotPasswordTest">
    <skipped/>
  </testcase> <!-- verifyForgotPasswordEmailTry -->
</testsuite> <!-- HerokuApp.Heroku.Test.ForgotPasswordTest -->
