<?xml version="1.0" encoding="UTF-8"?>
<!-- Generated by org.testng.reporters.JUnitReportReporter -->
<testsuite skipped="0" hostname="ZLDEL159" name="HerokuApp.Heroku.DynamicLoadingTest" tests="2" failures="0" timestamp="14 Jun 2020 19:24:41 GMT" time="62.639" errors="0">
  <testcase name="verifyDynamicLoading2" time="46.379" classname="HerokuApp.Heroku.DynamicLoadingTest"/>
  <testcase name="verifyDynamicLoading" time="16.260" classname="HerokuApp.Heroku.DynamicLoadingTest"/>
</testsuite> <!-- HerokuApp.Heroku.DynamicLoadingTest -->
