<?xml version="1.0" encoding="UTF-8"?>
<!-- Generated by org.testng.reporters.JUnitReportReporter -->
<testsuite skipped="0" hostname="ZLDEL159" name="HerokuApp.Heroku.FormAuthenticationTest" tests="4" failures="0" timestamp="14 Jun 2020 19:24:40 GMT" time="50.672" errors="0">
  <testcase name="verifyValidUsernameAndInvalidPassword" time="12.391" classname="HerokuApp.Heroku.FormAuthenticationTest"/>
  <testcase name="verifyValidUsernameAndValidPassword" time="13.444" classname="HerokuApp.Heroku.FormAuthenticationTest"/>
  <testcase name="verifyInValidUsernameAndValidPassword" time="12.198" classname="HerokuApp.Heroku.FormAuthenticationTest"/>
  <testcase name="verifyInValidUsernameAndInValidPassword" time="12.639" classname="HerokuApp.Heroku.FormAuthenticationTest"/>
</testsuite> <!-- HerokuApp.Heroku.FormAuthenticationTest -->
