<?xml version="1.0" encoding="UTF-8"?>
<!-- Generated by org.testng.reporters.JUnitReportReporter -->
<testsuite skipped="0" hostname="ZLDEL159" name="HerokuApp.Heroku.DragAndDropTest" tests="1" failures="0" timestamp="14 Jun 2020 19:24:41 GMT" time="22.113" errors="0">
  <testcase name="check" time="22.113" classname="HerokuApp.Heroku.DragAndDropTest"/>
</testsuite> <!-- HerokuApp.Heroku.DragAndDropTest -->
