<?xml version="1.0" encoding="UTF-8"?>
<!-- Generated by org.testng.reporters.JUnitReportReporter -->
<testsuite skipped="0" hostname="ZLDEL159" name="HerokuApp.Heroku.Test.FormAuthenticationTest" tests="4" failures="0" timestamp="11 Jul 2020 16:02:26 GMT" time="13.334" errors="0">
  <testcase name="verifyValidUsernameAndInvalidPassword" time="1.681" classname="HerokuApp.Heroku.Test.FormAuthenticationTest"/>
  <testcase name="verifyValidUsernameAndValidPassword" time="5.900" classname="HerokuApp.Heroku.Test.FormAuthenticationTest"/>
  <testcase name="verifyInValidUsernameAndValidPassword" time="3.707" classname="HerokuApp.Heroku.Test.FormAuthenticationTest"/>
  <testcase name="verifyInValidUsernameAndInValidPassword" time="2.046" classname="HerokuApp.Heroku.Test.FormAuthenticationTest"/>
</testsuite> <!-- HerokuApp.Heroku.Test.FormAuthenticationTest -->
