<?xml version="1.0" encoding="UTF-8"?>
<!-- Generated by org.testng.reporters.JUnitReportReporter -->
<testsuite skipped="0" hostname="ZLDEL159" name="HerokuApp.Heroku.DynamicContentTest" tests="2" failures="0" timestamp="14 Jun 2020 19:24:40 GMT" time="27.713" errors="0">
  <testcase name="verifyDynamicControlsButton" time="13.953" classname="HerokuApp.Heroku.DynamicContentTest"/>
  <testcase name="verifyDynamicControlsCheckbox" time="13.760" classname="HerokuApp.Heroku.DynamicContentTest"/>
</testsuite> <!-- HerokuApp.Heroku.DynamicContentTest -->
