<?xml version="1.0" encoding="UTF-8"?>
<!-- Generated by org.testng.reporters.JUnitReportReporter -->
<testsuite skipped="0" hostname="ZLDEL159" name="HerokuApp.Heroku.Test.HoverTest" tests="1" failures="0" timestamp="11 Jul 2020 15:16:19 GMT" time="5.103" errors="0">
  <testcase name="verifyHoverFunctionality" time="5.103" classname="HerokuApp.Heroku.Test.HoverTest"/>
</testsuite> <!-- HerokuApp.Heroku.Test.HoverTest -->
