<?xml version="1.0" encoding="UTF-8"?>
<!-- Generated by org.testng.reporters.JUnitReportReporter -->
<testsuite skipped="0" hostname="ZLDEL159" name="HerokuApp.Heroku.DownloadFileTest" tests="1" failures="0" timestamp="14 Jun 2020 19:24:41 GMT" time="13.296" errors="0">
  <testcase name="verifyDownloadFile" time="13.296" classname="HerokuApp.Heroku.DownloadFileTest"/>
</testsuite> <!-- HerokuApp.Heroku.DownloadFileTest -->
