<?xml version="1.0" encoding="UTF-8"?>
<!-- Generated by org.testng.reporters.JUnitReportReporter -->
<testsuite skipped="0" hostname="ZLDEL159" name="HerokuApp.Heroku.Test.DownloadFileTest" tests="1" failures="0" timestamp="06 Jul 2020 17:02:08 GMT" time="6.375" errors="0">
  <testcase name="verifyDownloadFile" time="6.375" classname="HerokuApp.Heroku.Test.DownloadFileTest"/>
</testsuite> <!-- HerokuApp.Heroku.Test.DownloadFileTest -->
