<?xml version="1.0" encoding="UTF-8"?>
<!-- Generated by org.testng.reporters.JUnitReportReporter -->
<testsuite skipped="0" hostname="ZLDEL159" name="HerokuApp.Heroku.HandleAlertTest" tests="1" failures="0" timestamp="14 Jun 2020 19:24:41 GMT" time="25.893" errors="0">
  <testcase name="cancelAlertTest" time="25.893" classname="HerokuApp.Heroku.HandleAlertTest"/>
</testsuite> <!-- HerokuApp.Heroku.HandleAlertTest -->
