<?xml version="1.0" encoding="UTF-8"?>
<!-- Generated by org.testng.reporters.JUnitReportReporter -->
<testsuite skipped="0" hostname="ZLDEL159" name="HerokuApp.Heroku.Test.HandleAlertTest" tests="1" failures="0" timestamp="01 Jul 2020 09:55:54 GMT" time="39.327" errors="0">
  <testcase name="cancelAlertTest" time="39.327" classname="HerokuApp.Heroku.Test.HandleAlertTest"/>
</testsuite> <!-- HerokuApp.Heroku.Test.HandleAlertTest -->
