<?xml version="1.0" encoding="UTF-8"?>
<!-- Generated by org.testng.reporters.JUnitReportReporter -->
<testsuite skipped="0" hostname="ZLDEL159" name="HerokuApp.Heroku.Test.HorizontalSliderTest" tests="1" failures="0" timestamp="11 Jul 2020 15:13:16 GMT" time="11.233" errors="0">
  <testcase name="verifyHorizontalSlider" time="11.233" classname="HerokuApp.Heroku.Test.HorizontalSliderTest"/>
</testsuite> <!-- HerokuApp.Heroku.Test.HorizontalSliderTest -->
