<?xml version="1.0" encoding="UTF-8"?>
<!-- Generated by org.testng.reporters.JUnitReportReporter -->
<testsuite skipped="0" hostname="ZLDEL159" name="HerokuApp.Heroku.HoverTest" tests="1" failures="0" timestamp="14 Jun 2020 19:24:41 GMT" time="10.806" errors="0">
  <testcase name="verifyHoverFunctionality" time="10.806" classname="HerokuApp.Heroku.HoverTest"/>
</testsuite> <!-- HerokuApp.Heroku.HoverTest -->
