<?xml version="1.0" encoding="UTF-8"?>
<!-- Generated by org.testng.reporters.JUnitReportReporter -->
<testsuite skipped="0" hostname="ZLDEL159" name="HerokuApp.Heroku.Test.ExitIntentTest" tests="1" failures="0" timestamp="17 Jul 2020 14:39:20 GMT" time="8.294" errors="0">
  <testcase name="verifyExitIntent" time="8.294" classname="HerokuApp.Heroku.Test.ExitIntentTest"/>
</testsuite> <!-- HerokuApp.Heroku.Test.ExitIntentTest -->
