<?xml version="1.0" encoding="UTF-8"?>
<!-- Generated by org.testng.reporters.JUnitReportReporter -->
<testsuite skipped="0" hostname="ZLDEL159" name="HerokuApp.Heroku.DropdownTest" tests="1" failures="0" timestamp="14 Jun 2020 19:24:40 GMT" time="13.285" errors="0">
  <testcase name="handleDropdown" time="13.285" classname="HerokuApp.Heroku.DropdownTest"/>
</testsuite> <!-- HerokuApp.Heroku.DropdownTest -->
