<?xml version="1.0" encoding="UTF-8"?>
<!-- Generated by org.testng.reporters.JUnitReportReporter -->
<testsuite skipped="0" hostname="ZLDEL159" name="HerokuApp.Heroku.Test.DragAndDropTest" tests="1" failures="0" timestamp="06 Jul 2020 17:02:08 GMT" time="18.232" errors="0">
  <testcase name="verifyDragAndDropTest" time="18.232" classname="HerokuApp.Heroku.Test.DragAndDropTest"/>
</testsuite> <!-- HerokuApp.Heroku.Test.DragAndDropTest -->
